Determining if the pthread_create exist failed with the following output:
Change Dir: /root/projects/server/CMakeFiles/CMakeTmp

Run Build Command:/bin/gmake "cmTryCompileExec1471745774/fast"
/bin/gmake -f CMakeFiles/cmTryCompileExec1471745774.dir/build.make CMakeFiles/cmTryCompileExec1471745774.dir/build
gmake[1]: Entering directory `/root/projects/server/CMakeFiles/CMakeTmp'
/usr/bin/cmake -E cmake_progress_report /root/projects/server/CMakeFiles/CMakeTmp/CMakeFiles 1
Building C object CMakeFiles/cmTryCompileExec1471745774.dir/CheckSymbolExists.c.o
/bin/cc    -o CMakeFiles/cmTryCompileExec1471745774.dir/CheckSymbolExists.c.o   -c /root/projects/server/CMakeFiles/CMakeTmp/CheckSymbolExists.c
Linking C executable cmTryCompileExec1471745774
/usr/bin/cmake -E cmake_link_script CMakeFiles/cmTryCompileExec1471745774.dir/link.txt --verbose=1
/bin/cc       CMakeFiles/cmTryCompileExec1471745774.dir/CheckSymbolExists.c.o  -o cmTryCompileExec1471745774 -rdynamic 
CMakeFiles/cmTryCompileExec1471745774.dir/CheckSymbolExists.c.o: In function `main':
CheckSymbolExists.c:(.text+0x16): undefined reference to `pthread_create'
collect2: error: ld returned 1 exit status
gmake[1]: *** [cmTryCompileExec1471745774] Error 1
gmake[1]: Leaving directory `/root/projects/server/CMakeFiles/CMakeTmp'
gmake: *** [cmTryCompileExec1471745774/fast] Error 2

File /root/projects/server/CMakeFiles/CMakeTmp/CheckSymbolExists.c:
/* */
#include <pthread.h>

int main(int argc, char** argv)
{
  (void)argv;
#ifndef pthread_create
  return ((int*)(&pthread_create))[argc];
#else
  (void)argc;
  return 0;
#endif
}

Determining if the function pthread_create exists in the pthreads failed with the following output:
Change Dir: /root/projects/server/CMakeFiles/CMakeTmp

Run Build Command:/bin/gmake "cmTryCompileExec583113858/fast"
/bin/gmake -f CMakeFiles/cmTryCompileExec583113858.dir/build.make CMakeFiles/cmTryCompileExec583113858.dir/build
gmake[1]: Entering directory `/root/projects/server/CMakeFiles/CMakeTmp'
/usr/bin/cmake -E cmake_progress_report /root/projects/server/CMakeFiles/CMakeTmp/CMakeFiles 1
Building C object CMakeFiles/cmTryCompileExec583113858.dir/CheckFunctionExists.c.o
/bin/cc   -DCHECK_FUNCTION_EXISTS=pthread_create   -o CMakeFiles/cmTryCompileExec583113858.dir/CheckFunctionExists.c.o   -c /usr/share/cmake/Modules/CheckFunctionExists.c
Linking C executable cmTryCompileExec583113858
/usr/bin/cmake -E cmake_link_script CMakeFiles/cmTryCompileExec583113858.dir/link.txt --verbose=1
/bin/cc   -DCHECK_FUNCTION_EXISTS=pthread_create    CMakeFiles/cmTryCompileExec583113858.dir/CheckFunctionExists.c.o  -o cmTryCompileExec583113858 -rdynamic -lpthreads 
/bin/ld: cannot find -lpthreads
collect2: error: ld returned 1 exit status
gmake[1]: *** [cmTryCompileExec583113858] Error 1
gmake[1]: Leaving directory `/root/projects/server/CMakeFiles/CMakeTmp'
gmake: *** [cmTryCompileExec583113858/fast] Error 2


